*** Using Compiler 'V5.06 update 6 (build 750)', folder: 'C:\Keil_v5\ARM\ARMCC\Bin'
Build target 'Project'
compiling FIFO.c...
..\Libraries\User\src\FIFO.c(51): error:  #42: operand types are incompatible ("uint32_t" and "volatile uint32_t *")
          CntTime = timeStamp > FIFO_CntTime ? ( ( UINT32_MAX - timeStamp ) + FIFO_CntTime ) : FIFO_CntTime - timeStamp;
..\Libraries\User\src\FIFO.c(62): warning:  #223-D: function "strlen" declared implicitly
      uint32_t cmd_len = strlen( ( const char* )Command );
..\Libraries\User\src\FIFO.c(65): error:  #42: operand types are incompatible ("uint32_t" and "volatile uint32_t *")
          CntTime = timeStamp > FIFO_CntTime ? ( ( UINT32_MAX - timeStamp ) + FIFO_CntTime ) : FIFO_CntTime - timeStamp;
..\Libraries\User\src\FIFO.c: 1 warning, 2 errors
compiling CJ_OV528.c...
..\Libraries\User\inc\CJ_OV528.h(78): error:  #20: identifier "DATA_FIFO" is undefined
      DATA_FIFO * buf;
..\Libraries\User\src\CJ_OV528.c(68): warning:  #223-D: function "delay_us" declared implicitly
      OV528_DELAY_MS( 1 );
..\Libraries\User\src\CJ_OV528.c(102): warning:  #223-D: function "delay_us" declared implicitly
      OV528_DELAY_MS( 1 );
..\Libraries\User\src\CJ_OV528.c(129): warning:  #223-D: function "Array_assign" declared implicitly
      Array_assign( OV528->cmd, 3, 0xAA, OV528_CMD_ID_DATA, OV528->imageType );
..\Libraries\User\src\CJ_OV528.c(146): warning:  #223-D: function "delay_us" declared implicitly
      OV528_DELAY_MS( 1 );
..\Libraries\User\src\CJ_OV528.c(185): warning:  #223-D: function "delay_us" declared implicitly
      OV528_DELAY_MS( 1 );
..\Libraries\User\src\CJ_OV528.c(226): warning:  #223-D: function "delay_us" declared implicitly
      OV528_DELAY_MS( 1 );
..\Libraries\User\src\CJ_OV528.c(198): warning:  #177-D: variable "cmdCheck"  was declared but never referenced
      uint8_t  cmdCheck;
..\Libraries\User\src\CJ_OV528.c(260): warning:  #223-D: function "delay_us" declared implicitly
      OV528_DELAY_MS( 1 );
..\Libraries\User\src\CJ_OV528.c(238): warning:  #177-D: variable "cmdCheck"  was declared but never referenced
      uint8_t cmdCheck;
..\Libraries\User\src\CJ_OV528.c(293): warning:  #223-D: function "delay_us" declared implicitly
      OV528_DELAY_MS( 1 );
..\Libraries\User\src\CJ_OV528.c(340): warning:  #223-D: function "delay_us" declared implicitly
              OV528_DELAY_MS( 1 );
..\Libraries\User\src\CJ_OV528.c(347): warning: At end of source:  #940-D: missing return statement at end of non-void function "OV528_GetPacket" 
..\Libraries\User\src\CJ_OV528.c(305): warning:  #177-D: variable "cmdCheck"  was declared but never referenced
      uint8_t  cmdCheck;
..\Libraries\User\src\CJ_OV528.c(347): error: At end of source:  #67: expected a "}"
..\Libraries\User\src\CJ_OV528.c: 13 warnings, 2 errors
compiling IRQ.c...
..\Libraries\User\src\IRQ.c(36): warning:  #223-D: function "FIFO_countTime" declared implicitly
      if(IRQ_timer0_flag_1) FIFO_countTime();
..\Libraries\User\src\IRQ.c(47): error:  #20: identifier "FIFO_uart1_buf" is undefined
              FIFO_data_byte_in(&FIFO_uart1_buf, dataTemp);
..\Libraries\User\src\IRQ.c(53): error:  #20: identifier "FIFO_uart1_buf" is undefined
              FIFO_data_byte_in(&FIFO_uart1_buf, dataTemp);
..\Libraries\User\src\IRQ.c: 1 warning, 2 errors
".\Objects\PT_on_RTOS.axf" - 6 Error(s), 15 Warning(s).
Target not created.
Build Time Elapsed:  00:00:00
